Arguments: 
  C:\Program Files\nodejs\node.exe C:\Users\stanl\AppData\Roaming\npm\node_modules\yarn\bin\yarn.js start

PATH: 
  C:\Program Files (x86)\Common Files\Intel\Shared Libraries\redist\intel64\compiler;C:\Program Files (x86)\Intel\Intel(R) Management Engine Components\iCLS\;C:\Program Files\Intel\Intel(R) Management Engine Components\iCLS\;C:\Windows\system32;C:\Windows;C:\Windows\System32\Wbem;C:\Windows\System32\WindowsPowerShell\v1.0\;C:\Windows\System32\OpenSSH\;C:\Program Files (x86)\NVIDIA Corporation\PhysX\Common;C:\Program Files\NVIDIA Corporation\NVIDIA NvDLISR;C:\Program Files (x86)\Intel\Intel(R) Management Engine Components\DAL;C:\Program Files\Intel\Intel(R) Management Engine Components\DAL;C:\Program Files\Intel\WiFi\bin\;C:\Program Files\Common Files\Intel\WirelessCommon\;C:\Program Files (x86)\NoteBook FanControl\;C:\WINDOWS\system32;C:\WINDOWS;C:\WINDOWS\System32\Wbem;C:\WINDOWS\System32\WindowsPowerShell\v1.0\;C:\WINDOWS\System32\OpenSSH\;C:\Program Files\Microsoft SQL Server\130\Tools\Binn\;C:\Program Files\Git\cmd;C:\Apache\php;C:\composer;C:\Program Files\nodejs\;C:\Users\stanl\AppData\Local\Microsoft\WindowsApps;C:\Users\stanl\AppData\Local\Programs\Microsoft VS Code\bin;C:\Users\stanl\AppData\Roaming\Composer\vendor\bin;C:\Users\stanl\AppData\Roaming\npm

Yarn version: 
  1.22.11

Node version: 
  16.13.2

Platform: 
  win32 x64

Trace: 
  SyntaxError: C:\Users\stanl\OneDrive - ntnu.edu.tw\桌面\LnData_React\my-app\package.json: Unexpected token } in JSON at position 505
      at JSON.parse (<anonymous>)
      at C:\Users\stanl\AppData\Roaming\npm\node_modules\yarn\lib\cli.js:1625:59
      at Generator.next (<anonymous>)
      at step (C:\Users\stanl\AppData\Roaming\npm\node_modules\yarn\lib\cli.js:310:30)
      at C:\Users\stanl\AppData\Roaming\npm\node_modules\yarn\lib\cli.js:321:13

npm manifest: 
  {
    "name": "my-app",
    "version": "0.1.0",
    "private": true,
    "dependencies": {
      "@testing-library/jest-dom": "^5.16.2",
      "@testing-library/react": "^12.1.3",
      "@testing-library/user-event": "^13.5.0",
      "axios": "^0.26.0",
      "bootstrap": "^5.1.3",
      "react": "^17.0.2",
      "react-bootstrap": "^2.1.2",
      "react-dom": "^17.0.2",
      "react-icons": "^4.3.1",
      "react-router-dom": "^5.3.0",
      "react-scripts": "^2.1.3",
      "react-spinners": "^0.11.0",
      "recharts": "^2.1.9",
    },
    "scripts": {
      "start": "react-scripts start",
      "build": "react-scripts build",
      "test": "react-scripts test",
      "eject": "react-scripts eject"
    },
    "eslintConfig": {
      "extends": [
        "react-app",
        "react-app/jest"
      ]
    },
    "browserslist": {
      "production": [
        ">0.2%",
        "not dead",
        "not op_mini all"
      ],
      "development": [
        "last 1 chrome version",
        "last 1 firefox version",
        "last 1 safari version"
      ]
    }
  }

yarn manifest: 
  No manifest

Lockfile: 
  No lockfile
